<?xml version="1.0" encoding="UTF-8"?>
<testng-results skipped="0" failed="0" total="2" passed="2">
  <reporter-output>
  </reporter-output>
  <suite name="机票订单中重构接口自动化测试" duration-ms="2422" started-at="2016-11-25T03:58:03Z" finished-at="2016-11-25T03:58:05Z">
    <groups>
    </groups>
    <test name="机票订单中重构接口自动化测试" duration-ms="2422" started-at="2016-11-25T03:58:03Z" finished-at="2016-11-25T03:58:05Z">
      <class name="testcases.SendGet">
        <test-method status="PASS" signature="testCase1()[pri:0, instance:testcases.SendGet@2a18f23c]" name="testCase1" duration-ms="1613" started-at="2016-11-25T11:58:03Z" finished-at="2016-11-25T11:58:05Z">
          <reporter-output>
          </reporter-output>
        </test-method> <!-- testCase1 -->
      </class> <!-- testcases.SendGet -->
      <class name="testcases.SendPost">
        <test-method status="PASS" signature="testCase1()[pri:0, instance:testcases.SendPost@7cf10a6f]" name="testCase1" duration-ms="789" started-at="2016-11-25T11:58:05Z" finished-at="2016-11-25T11:58:05Z">
          <reporter-output>
          </reporter-output>
        </test-method> <!-- testCase1 -->
      </class> <!-- testcases.SendPost -->
    </test> <!-- 机票订单中重构接口自动化测试 -->
  </suite> <!-- 机票订单中重构接口自动化测试 -->
</testng-results>
